#
# There is insufficient memory for the Java Runtime Environment to continue.
# Native memory allocation (mmap) failed to map 134217728 bytes for Failed to commit area from 0x00000000c0c00000 to 0x00000000c8c00000 of length 134217728.
# Possible reasons:
#   The system is out of physical RAM or swap space
#   The process is running with CompressedOops enabled, and the Java Heap may be blocking the growth of the native heap
# Possible solutions:
#   Reduce memory load on the system
#   Increase physical memory or swap space
#   Check if swap backing store is full
#   Decrease Java heap size (-Xmx/-Xms)
#   Decrease number of Java threads
#   Decrease Java thread stack sizes (-Xss)
#   Set larger code cache with -XX:ReservedCodeCacheSize=
# This output file may be truncated or incomplete.
#
#  Out of Memory Error (./src/hotspot/os/windows/os_windows.cpp:3301), pid=7416, tid=18344
#
# JRE version:  (11.0.10+9) (build )
# Java VM: Dynamic Code Evolution 64-Bit Server VM (11.0.10+9-b1341.35, mixed mode, sharing, tiered, compressed oops, g1 gc, windows-amd64)
# No core dump will be written. Minidumps are not enabled by default on client versions of Windows
#

---------------  S U M M A R Y ------------

Command Line: -Djava.rmi.server.hostname=127.0.0.1 -Duser.timezone=UTC -Xmx1012m -Xms128m -Dfile.encoding=UTF-8 com.intellij.database.remote.RemoteJdbcServer org.h2.Driver

Host: Intel(R) Core(TM) i5-4300M CPU @ 2.60GHz, 4 cores, 7G,  Windows 10 , 64 bit Build 18362 (10.0.18362.1316)
Time: Mon Apr 12 14:48:56 2021 ?rodkowoeuropejski czas letni elapsed time: 0.069479 seconds (0d 0h 0m 0s)

---------------  T H R E A D  ---------------

Current thread (0x0000017848dda800):  JavaThread "Unknown thread" [_thread_in_vm, id=18344, stack(0x00000021aff00000,0x00000021b0000000)]

Stack: [0x00000021aff00000,0x00000021b0000000]
Native frames: (J=compiled Java code, j=interpreted, Vv=VM code, C=native code)
V  [jvm.dll+0x5f84fa]
V  [jvm.dll+0x77e085]
V  [jvm.dll+0x77f5dd]
V  [jvm.dll+0x77fc93]
V  [jvm.dll+0x2457e8]
V  [jvm.dll+0x5f58f4]
V  [jvm.dll+0x5ea975]
V  [jvm.dll+0x30228b]
V  [jvm.dll+0x3021fa]
V  [jvm.dll+0x3020d2]
V  [jvm.dll+0x306fb6]
V  [jvm.dll+0x34f843]
V  [jvm.dll+0x34ff46]
V  [jvm.dll+0x34f943]
V  [jvm.dll+0x2dbcb8]
V  [jvm.dll+0x2dce57]
V  [jvm.dll+0x75c4d7]
V  [jvm.dll+0x75dd6c]
V  [jvm.dll+0x35cdb9]
V  [jvm.dll+0x73fc9e]
V  [jvm.dll+0x3c5663]
V  [jvm.dll+0x3c7a21]
C  [jli.dll+0x5373]
C  [ucrtbase.dll+0x210b2]
C  [KERNEL32.DLL+0x17c24]
C  [ntdll.dll+0x6d4d1]


---------------  P R O C E S S  ---------------

Threads class SMR info:
_java_thread_list=0x0000017846c446e0, length=0, elements={
}

Java Threads: ( => current thread )

Other Threads:
  0x0000017848df4000 GCTaskThread "GC Thread#0" [stack: 0x00000021b0000000,0x00000021b0100000] [id=7324]
  0x0000017848e10000 ConcurrentGCThread "G1 Main Marker" [stack: 0x00000021b0100000,0x00000021b0200000] [id=14152]
  0x0000017848e11800 ConcurrentGCThread "G1 Conc#0" [stack: 0x00000021b0200000,0x00000021b0300000] [id=9756]

[error occurred during error reporting (printing all threads), id 0xc0000005, EXCEPTION_ACCESS_VIOLATION (0xc0000005) at pc=0x00007ff893fcc437]

VM state:not at safepoint (not fully initialized)

VM Mutex/Monitor currently owned by a thread:  ([mutex/lock_event])
[0x0000017848dd71c0] Heap_lock - owner thread: 0x0000017848dda800

Heap address: 0x00000000c0c00000, size: 1012 MB, Compressed Oops mode: Non-zero based: 0x00000000c0c00000
Narrow klass base: 0x0000000000000000, Narrow klass shift: 0

GC Heap History (0 events):
No events

Deoptimization events (0 events):
No events

Classes redefined (0 events):
No events

Internal exceptions (0 events):
No events

Events (1 events):
Event: 0.053 Loaded shared library C:\Program Files\JetBrains\IntelliJ IDEA 2021.1\jbr\bin\zip.dll


Dynamic libraries:
0x00007ff7c4380000 - 0x00007ff7c438a000 	C:\Program Files\JetBrains\IntelliJ IDEA 2021.1\jbr\bin\java.exe
0x00007ff8d64c0000 - 0x00007ff8d66b0000 	C:\WINDOWS\SYSTEM32\ntdll.dll
0x00007ff8d5740000 - 0x00007ff8d57f2000 	C:\WINDOWS\System32\KERNEL32.DLL
0x00007ff8d3870000 - 0x00007ff8d3b15000 	C:\WINDOWS\System32\KERNELBASE.dll
0x00007ff8d2ab0000 - 0x00007ff8d2baa000 	C:\WINDOWS\System32\ucrtbase.dll
0x00007ff8b1950000 - 0x00007ff8b1969000 	C:\Program Files\JetBrains\IntelliJ IDEA 2021.1\jbr\bin\jli.dll
0x00007ff8d4060000 - 0x00007ff8d41f4000 	C:\WINDOWS\System32\USER32.dll
0x00007ff8d2d90000 - 0x00007ff8d2db1000 	C:\WINDOWS\System32\win32u.dll
0x00007ff8d5710000 - 0x00007ff8d5736000 	C:\WINDOWS\System32\GDI32.dll
0x00007ff8d2dc0000 - 0x00007ff8d2f58000 	C:\WINDOWS\System32\gdi32full.dll
0x00007ff8d3b20000 - 0x00007ff8d3bbe000 	C:\WINDOWS\System32\msvcp_win.dll
0x00007ff8c5570000 - 0x00007ff8c57f4000 	C:\WINDOWS\WinSxS\amd64_microsoft.windows.common-controls_6595b64144ccf1df_6.0.18362.1316_none_9e7a364fe461dbd7\COMCTL32.dll
0x00007ff8d5520000 - 0x00007ff8d55be000 	C:\WINDOWS\System32\msvcrt.dll
0x00007ff8d4320000 - 0x00007ff8d4657000 	C:\WINDOWS\System32\combase.dll
0x00007ff8d4200000 - 0x00007ff8d431f000 	C:\WINDOWS\System32\RPCRT4.dll
0x00007ff8d2bb0000 - 0x00007ff8d2c31000 	C:\WINDOWS\System32\bcryptPrimitives.dll
0x00007ff8b0370000 - 0x00007ff8b0387000 	C:\Program Files\JetBrains\IntelliJ IDEA 2021.1\jbr\bin\VCRUNTIME140.dll
0x00007ff8d54f0000 - 0x00007ff8d551e000 	C:\WINDOWS\System32\IMM32.DLL
0x00007ff8a37a0000 - 0x00007ff8a383d000 	C:\Program Files\JetBrains\IntelliJ IDEA 2021.1\jbr\bin\msvcp140.dll
0x00007ff893ce0000 - 0x00007ff89482f000 	C:\Program Files\JetBrains\IntelliJ IDEA 2021.1\jbr\bin\server\jvm.dll
0x00007ff8d63d0000 - 0x00007ff8d6473000 	C:\WINDOWS\System32\ADVAPI32.dll
0x00007ff8d5190000 - 0x00007ff8d5227000 	C:\WINDOWS\System32\sechost.dll
0x00007ff8d4660000 - 0x00007ff8d4668000 	C:\WINDOWS\System32\PSAPI.DLL
0x00007ff8c1f70000 - 0x00007ff8c1f79000 	C:\WINDOWS\SYSTEM32\WSOCK32.dll
0x00007ff8d4c30000 - 0x00007ff8d4c9f000 	C:\WINDOWS\System32\WS2_32.dll
0x00007ff8d0200000 - 0x00007ff8d0224000 	C:\WINDOWS\SYSTEM32\WINMM.dll
0x00007ff8c7010000 - 0x00007ff8c701a000 	C:\WINDOWS\SYSTEM32\VERSION.dll
0x00007ff8d01d0000 - 0x00007ff8d01fd000 	C:\WINDOWS\SYSTEM32\WINMMBASE.dll
0x00007ff8d30a0000 - 0x00007ff8d30ea000 	C:\WINDOWS\System32\cfgmgr32.dll
0x00007ff8d29f0000 - 0x00007ff8d2a01000 	C:\WINDOWS\System32\kernel.appcore.dll
0x00007ff8ce1b0000 - 0x00007ff8ce1c1000 	C:\Program Files\JetBrains\IntelliJ IDEA 2021.1\jbr\bin\verify.dll
0x00007ff8c26d0000 - 0x00007ff8c28c4000 	C:\WINDOWS\SYSTEM32\DBGHELP.DLL
0x00007ff8c1850000 - 0x00007ff8c187a000 	C:\WINDOWS\SYSTEM32\dbgcore.DLL
0x00007ff8cdcf0000 - 0x00007ff8cdd19000 	C:\Program Files\JetBrains\IntelliJ IDEA 2021.1\jbr\bin\java.dll
0x00007ff8ce490000 - 0x00007ff8ce49b000 	C:\Program Files\JetBrains\IntelliJ IDEA 2021.1\jbr\bin\jimage.dll
0x00007ff8cb610000 - 0x00007ff8cb628000 	C:\Program Files\JetBrains\IntelliJ IDEA 2021.1\jbr\bin\zip.dll

dbghelp: loaded successfully - version: 4.0.5 - missing functions: none
symbol engine: initialized successfully - sym options: 0x614 - pdb path: .;C:\Program Files\JetBrains\IntelliJ IDEA 2021.1\jbr\bin;C:\WINDOWS\SYSTEM32;C:\WINDOWS\WinSxS\amd64_microsoft.windows.common-controls_6595b64144ccf1df_6.0.18362.1316_none_9e7a364fe461dbd7;C:\Program Files\JetBrains\IntelliJ IDEA 2021.1\jbr\bin\server

VM Arguments:
jvm_args: -Djava.rmi.server.hostname=127.0.0.1 -Duser.timezone=UTC -Xmx1012m -Xms128m -Dfile.encoding=UTF-8 
java_command: com.intellij.database.remote.RemoteJdbcServer org.h2.Driver
java_class_path (initial): C:\Program Files\JetBrains\IntelliJ IDEA 2021.1\lib\util.jar;C:\Program Files\JetBrains\IntelliJ IDEA 2021.1\lib\trove4j.jar;C:\Program Files\JetBrains\IntelliJ IDEA 2021.1\lib\groovy-2.5.11.jar;C:\Program Files\JetBrains\IntelliJ IDEA 2021.1\plugins\DatabaseTools\lib\jdbc-console.jar;C:\Users\Admin\AppData\Roaming\JetBrains\IntelliJIdea2021.1\jdbc-drivers\H2\1.4.200\h2-1.4.200.jar
Launcher Type: SUN_STANDARD

[Global flags]
     intx CICompilerCount                          = 3                                         {product} {ergonomic}
     uint ConcGCThreads                            = 1                                         {product} {ergonomic}
     uint G1ConcRefinementThreads                  = 4                                         {product} {ergonomic}
   size_t G1HeapRegionSize                         = 1048576                                   {product} {ergonomic}
    uintx GCDrainStackTargetSize                   = 64                                        {product} {ergonomic}
   size_t InitialHeapSize                          = 134217728                                 {product} {command line}
   size_t MarkStackSize                            = 4194304                                   {product} {ergonomic}
   size_t MaxHeapSize                              = 1061158912                                {product} {command line}
   size_t MinHeapDeltaBytes                        = 1048576                                   {product} {ergonomic}
    uintx NonNMethodCodeHeapSize                   = 5830732                                {pd product} {ergonomic}
    uintx NonProfiledCodeHeapSize                  = 122913754                              {pd product} {ergonomic}
    uintx ProfiledCodeHeapSize                     = 122913754                              {pd product} {ergonomic}
    uintx ReservedCodeCacheSize                    = 251658240                              {pd product} {ergonomic}
     bool SegmentedCodeCache                       = true                                      {product} {ergonomic}
     bool UseCompressedClassPointers               = true                                 {lp64_product} {ergonomic}
     bool UseCompressedOops                        = true                                 {lp64_product} {ergonomic}
     bool UseG1GC                                  = true                                      {product} {ergonomic}
     bool UseLargePagesIndividualAllocation        = false                                  {pd product} {ergonomic}

Logging:
Log output configuration:
 #0: stdout all=warning uptime,level,tags
 #1: stderr all=off uptime,level,tags

Environment Variables:
PATH=C:\Program Files (x86)\Common Files\Oracle\Java\javapath;C:\ProgramData\Oracle\Java\javapath;C:\Program Files (x86)\Intel\iCLS Client\;C:\Program Files\Intel\iCLS Client\;C:\WINDOWS\system32;C:\WINDOWS;C:\WINDOWS\System32\Wbem;C:\WINDOWS\System32\WindowsPowerShell\v1.0\;C:\Program Files\Intel\Intel(R) Management Engine Components\DAL;C:\Program Files\Intel\Intel(R) Management Engine Components\IPT;C:\Program Files (x86)\Intel\Intel(R) Management Engine Components\DAL;C:\Program Files (x86)\Intel\Intel(R) Management Engine Components\IPT;C:\Program Files\Intel\WiFi\bin\;C:\Program Files\Common Files\Intel\WirelessCommon\;C:\WINDOWS\System32\OpenSSH\;C:\Program Files\Git\cmd;C:\Program Files\Intel\WiFi\bin\;C:\Program Files\Common Files\Intel\WirelessCommon\;%USERPROFILE%\AppData\Local\Microsoft\WindowsApps;
USERNAME=Admin
OS=Windows_NT
PROCESSOR_IDENTIFIER=Intel64 Family 6 Model 60 Stepping 3, GenuineIntel



---------------  S Y S T E M  ---------------

OS: Windows 10 , 64 bit Build 18362 (10.0.18362.1316)
OS uptime: 5 days 3:19 hours

CPU:total 4 (initial active 4) (2 cores per cpu, 2 threads per core) family 6 model 60 stepping 3 microcode 0x25, cmov, cx8, fxsr, mmx, sse, sse2, sse3, ssse3, sse4.1, sse4.2, popcnt, avx, avx2, aes, clmul, erms, lzcnt, ht, tsc, tscinvbit, bmi1, bmi2, fma

Memory: 4k page, system-wide physical 8097M (779M free)
TotalPageFile size 12193M (AvailPageFile size 72M)
current process WorkingSet (physical memory assigned to process): 9M, peak: 9M
current process commit charge ("private bytes"): 51M, peak: 179M

vm_info: Dynamic Code Evolution 64-Bit Server VM (11.0.10+9-b1341.35) for windows-amd64 JRE (11.0.10+9-b1341.35), built on Mar 31 2021 02:11:12 by "" with MS VC++ 14.0 (VS2015)

END.
