2021-04-19 12:50:15.083  INFO 3456 --- [main] c.d.tacocloud.TacoCloudApplicationTests  : Starting TacoCloudApplicationTests using Java 15 on Admin-Komputer with PID 3456 (started by Admin in C:\Users\Admin\IdeaProjects\taco-cloud)
2021-04-19 12:50:15.095  INFO 3456 --- [main] c.d.tacocloud.TacoCloudApplicationTests  : No active profile set, falling back to default profiles: default
2021-04-19 12:50:17.984  INFO 3456 --- [main] .s.d.r.c.RepositoryConfigurationDelegate : Bootstrapping Spring Data JPA repositories in DEFAULT mode.
2021-04-19 12:50:18.005 DEBUG 3456 --- [main] .s.d.r.c.RepositoryConfigurationDelegate : Scanning for JPA repositories in packages com.dorotajachtoma.tacocloud.
2021-04-19 12:50:18.049 DEBUG 3456 --- [main] o.s.d.r.c.RepositoryComponentProvider    : Identified candidate component class: file [C:\Users\Admin\IdeaProjects\taco-cloud\target\classes\com\dorotajachtoma\tacocloud\repository\IngredientRepository.class]
2021-04-19 12:50:18.051 DEBUG 3456 --- [main] o.s.d.r.c.RepositoryComponentProvider    : Identified candidate component class: file [C:\Users\Admin\IdeaProjects\taco-cloud\target\classes\com\dorotajachtoma\tacocloud\repository\OrderRepository.class]
2021-04-19 12:50:18.053 DEBUG 3456 --- [main] o.s.d.r.c.RepositoryComponentProvider    : Identified candidate component class: file [C:\Users\Admin\IdeaProjects\taco-cloud\target\classes\com\dorotajachtoma\tacocloud\repository\TacoRepository.class]
2021-04-19 12:50:18.054 DEBUG 3456 --- [main] o.s.d.r.c.RepositoryComponentProvider    : Identified candidate component class: file [C:\Users\Admin\IdeaProjects\taco-cloud\target\classes\com\dorotajachtoma\tacocloud\repository\UserRepository.class]
2021-04-19 12:50:18.241  INFO 3456 --- [main] .s.d.r.c.RepositoryConfigurationDelegate : Finished Spring Data repository scanning in 232 ms. Found 4 JPA repository interfaces.
2021-04-19 12:50:22.195  INFO 3456 --- [main] o.hibernate.jpa.internal.util.LogHelper  : HHH000204: Processing PersistenceUnitInfo [name: default]
2021-04-19 12:50:22.378  INFO 3456 --- [main] org.hibernate.Version                    : HHH000412: Hibernate ORM core version 5.4.29.Final
2021-04-19 12:50:23.360  INFO 3456 --- [main] o.hibernate.annotations.common.Version   : HCANN000001: Hibernate Commons Annotations {5.1.2.Final}
2021-04-19 12:50:24.101  INFO 3456 --- [main] com.zaxxer.hikari.HikariDataSource       : HikariPool-1 - Starting...
2021-04-19 12:50:24.925  INFO 3456 --- [main] com.zaxxer.hikari.HikariDataSource       : HikariPool-1 - Start completed.
2021-04-19 12:50:24.980  INFO 3456 --- [main] org.hibernate.dialect.Dialect            : HHH000400: Using dialect: org.hibernate.dialect.H2Dialect
2021-04-19 12:50:28.534  INFO 3456 --- [main] o.h.e.t.j.p.i.JtaPlatformInitiator       : HHH000490: Using JtaPlatform implementation: [org.hibernate.engine.transaction.jta.platform.internal.NoJtaPlatform]
2021-04-19 12:50:28.565  INFO 3456 --- [main] j.LocalContainerEntityManagerFactoryBean : Initialized JPA EntityManagerFactory for persistence unit 'default'
2021-04-19 12:50:28.916  WARN 3456 --- [main] JpaBaseConfiguration$JpaWebConfiguration : spring.jpa.open-in-view is enabled by default. Therefore, database queries may be performed during view rendering. Explicitly configure spring.jpa.open-in-view to disable this warning
2021-04-19 12:50:30.511 DEBUG 3456 --- [main] .c.JpaMetamodelMappingContextFactoryBean : Initializing JpaMetamodelMappingContext…
2021-04-19 12:50:30.579 DEBUG 3456 --- [main] .c.JpaMetamodelMappingContextFactoryBean : Finished initializing JpaMetamodelMappingContext!
2021-04-19 12:50:31.191 DEBUG 3456 --- [main] o.s.d.r.c.s.RepositoryFactorySupport     : Initializing repository instance for com.dorotajachtoma.tacocloud.repository.IngredientRepository…
2021-04-19 12:50:31.477 DEBUG 3456 --- [main] o.s.d.r.c.s.RepositoryFactorySupport     : Finished creation of repository instance for {}.
2021-04-19 12:50:31.536 DEBUG 3456 --- [main] o.s.d.r.c.s.RepositoryFactorySupport     : Initializing repository instance for com.dorotajachtoma.tacocloud.repository.TacoRepository…
2021-04-19 12:50:31.596 DEBUG 3456 --- [main] o.s.d.r.c.s.RepositoryFactorySupport     : Finished creation of repository instance for {}.
2021-04-19 12:50:31.828 DEBUG 3456 --- [main] o.s.d.r.c.s.RepositoryFactorySupport     : Initializing repository instance for com.dorotajachtoma.tacocloud.repository.UserRepository…
2021-04-19 12:50:32.306 DEBUG 3456 --- [main] o.s.d.j.r.query.JpaQueryFactory          : Looking up query for method findByUsername
2021-04-19 12:50:32.403 DEBUG 3456 --- [main] o.s.d.r.c.s.RepositoryFactorySupport     : Finished creation of repository instance for {}.
2021-04-19 12:50:32.547 DEBUG 3456 --- [main] o.s.d.r.c.s.RepositoryFactorySupport     : Initializing repository instance for com.dorotajachtoma.tacocloud.repository.OrderRepository…
2021-04-19 12:50:32.708 DEBUG 3456 --- [main] o.s.d.j.r.query.JpaQueryFactory          : Looking up query for method findByUser
2021-04-19 12:50:32.793 DEBUG 3456 --- [main] o.s.d.jpa.repository.query.NamedQuery    : Looking up named query TacoOrder.findByUser
2021-04-19 12:50:32.828 DEBUG 3456 --- [main] o.s.d.jpa.repository.query.NamedQuery    : Did not find named query TacoOrder.findByUser
2021-04-19 12:50:33.075 DEBUG 3456 --- [main] o.s.d.r.c.s.RepositoryFactorySupport     : Finished creation of repository instance for {}.
2021-04-19 12:50:34.179 DEBUG 3456 --- [main] edFilterInvocationSecurityMetadataSource : Adding web access control expression [hasRole('ROLE_USER')] for Ant [pattern='/design']
2021-04-19 12:50:34.189 DEBUG 3456 --- [main] edFilterInvocationSecurityMetadataSource : Adding web access control expression [hasRole('ROLE_USER')] for Ant [pattern='/orders']
2021-04-19 12:50:34.191 DEBUG 3456 --- [main] edFilterInvocationSecurityMetadataSource : Adding web access control expression [permitAll] for Ant [pattern='/']
2021-04-19 12:50:34.193 DEBUG 3456 --- [main] edFilterInvocationSecurityMetadataSource : Adding web access control expression [permitAll] for Ant [pattern='/**']
2021-04-19 12:50:34.194 DEBUG 3456 --- [main] edFilterInvocationSecurityMetadataSource : Adding web access control expression [permitAll] for Ant [pattern='/h2-console**']
2021-04-19 12:50:34.481  INFO 3456 --- [main] o.s.s.web.DefaultSecurityFilterChain     : Will secure any request with [org.springframework.security.web.context.request.async.WebAsyncManagerIntegrationFilter@219a2203, org.springframework.security.web.context.SecurityContextPersistenceFilter@237ee2e1, org.springframework.security.web.header.HeaderWriterFilter@440d2d64, org.springframework.security.web.authentication.logout.LogoutFilter@10ae002e, org.springframework.security.web.authentication.UsernamePasswordAuthenticationFilter@b791e6e, org.springframework.security.web.savedrequest.RequestCacheAwareFilter@7d7f966f, org.springframework.security.web.servletapi.SecurityContextHolderAwareRequestFilter@4b1b2255, org.springframework.security.web.authentication.AnonymousAuthenticationFilter@58fbfefb, org.springframework.security.web.session.SessionManagementFilter@56adbb07, org.springframework.security.web.access.ExceptionTranslationFilter@4ed19540, org.springframework.security.web.access.intercept.FilterSecurityInterceptor@3a012678]
2021-04-19 12:50:35.859  INFO 3456 --- [main] o.s.s.concurrent.ThreadPoolTaskExecutor  : Initializing ExecutorService 'applicationTaskExecutor'
2021-04-19 12:50:36.013  INFO 3456 --- [main] o.s.b.a.h2.H2ConsoleAutoConfiguration    : H2 console available at '/h2-console'. Database available at 'jdbc:h2:mem:tacocloud'
2021-04-19 12:50:38.552  INFO 3456 --- [main] c.d.tacocloud.TacoCloudApplicationTests  : Started TacoCloudApplicationTests in 24.749 seconds (JVM running for 28.366)
2021-04-19 12:50:39.849  INFO 3456 --- [SpringContextShutdownHook] o.s.s.concurrent.ThreadPoolTaskExecutor  : Shutting down ExecutorService 'applicationTaskExecutor'
2021-04-19 12:50:39.886  INFO 3456 --- [SpringContextShutdownHook] j.LocalContainerEntityManagerFactoryBean : Closing JPA EntityManagerFactory for persistence unit 'default'
2021-04-19 12:50:39.905  INFO 3456 --- [SpringContextShutdownHook] com.zaxxer.hikari.HikariDataSource       : HikariPool-1 - Shutdown initiated...
2021-04-19 12:50:40.002  INFO 3456 --- [SpringContextShutdownHook] com.zaxxer.hikari.HikariDataSource       : HikariPool-1 - Shutdown completed.
